<?xml version="1.0" encoding="UTF-8"?>
<!-- Generated by org.testng.reporters.JUnitReportReporter -->
<testsuite hostname="DESKTOP-7AKMRUB" failures="0" tests="1" name="com.p360.Main.testCases.TC_Main_Locations" time="23.434" errors="0" timestamp="2023-09-29T16:25:29 IST" skipped="0">
  <testcase classname="com.p360.Main.testCases.TC_Main_Locations" name="test_Main_SearchAndViewLocationDetails" time="23.434"/>
</testsuite> <!-- com.p360.Main.testCases.TC_Main_Locations -->
