<?xml version="1.0" encoding="UTF-8"?>
<!-- Generated by org.testng.reporters.JUnitReportReporter -->
<testsuite hostname="DESKTOP-7AKMRUB" failures="0" tests="1" name="com.p360.Main.testCases.TC_Main_Packages" time="35.882" errors="0" timestamp="2023-09-20T23:27:27 IST" skipped="0">
  <testcase classname="com.p360.Main.testCases.TC_Main_Packages" name="test_Main_ViewPackageReport" time="35.882"/>
</testsuite> <!-- com.p360.Main.testCases.TC_Main_Packages -->
