<?xml version="1.0" encoding="UTF-8"?>
<!-- Generated by org.testng.reporters.JUnitReportReporter -->
<testsuite hostname="DESKTOP-7AKMRUB" failures="0" tests="3" name="com.p360.Main.testCases.TC_Main_PromoCodes" time="97.481" errors="0" timestamp="2023-10-03T22:46:36 IST" skipped="0">
  <testcase classname="com.p360.Main.testCases.TC_Main_PromoCodes" name="test_Main_AddMovement" time="36.544"/>
  <testcase classname="com.p360.Main.testCases.TC_Main_PromoCodes" name="test_Main_DeactivatePromoCode" time="30.541"/>
  <testcase classname="com.p360.Main.testCases.TC_Main_PromoCodes" name="test_Main_ActivatePromoCode" time="30.396"/>
</testsuite> <!-- com.p360.Main.testCases.TC_Main_PromoCodes -->
