<?xml version="1.0" encoding="UTF-8"?>
<!-- Generated by org.testng.reporters.JUnitReportReporter -->
<testsuite hostname="DESKTOP-7AKMRUB" failures="0" tests="3" name="com.p360.Main.testCases.TC_Main_Home" time="68.906" errors="0" timestamp="2023-09-04T09:32:40 IST" skipped="0">
  <testcase classname="com.p360.Main.testCases.TC_Main_Home" name="test_Login" time="12.513"/>
  <testcase classname="com.p360.Main.testCases.TC_Main_Home" name="test_Main_HomePageTabTesting" time="47.239"/>
  <testcase classname="com.p360.Main.testCases.TC_Main_Home" name="test_Logout" time="9.154"/>
</testsuite> <!-- com.p360.Main.testCases.TC_Main_Home -->
