<?xml version="1.0" encoding="UTF-8"?>
<!-- Generated by org.testng.reporters.JUnitReportReporter -->
<testsuite hostname="DESKTOP-7AKMRUB" failures="0" tests="2" name="com.p360.testCases.TC_AllInOne_UserModule" time="76.033" errors="0" timestamp="2023-09-14T15:26:37 IST" skipped="0">
  <testcase classname="com.p360.testCases.TC_AllInOne_UserModule" name="test_HomePageElement" time="45.721"/>
  <testcase classname="com.p360.testCases.TC_AllInOne_UserModule" name="test_ChangeCardDetails" time="30.312"/>
</testsuite> <!-- com.p360.testCases.TC_AllInOne_UserModule -->
