<?xml version="1.0" encoding="UTF-8"?>
<!-- Generated by org.testng.reporters.JUnitReportReporter -->
<testsuite hostname="DESKTOP-7AKMRUB" failures="0" tests="2" name="com.p360.Main.testCases.TC_Main_Users" time="59.368" errors="0" timestamp="2023-09-18T19:32:23 IST" skipped="0">
  <testcase classname="com.p360.Main.testCases.TC_Main_Users" name="test_Main_SearchAndViewUsersDetails" time="30.232"/>
  <testcase classname="com.p360.Main.testCases.TC_Main_Users" name="test_Main_PauseMembership" time="29.136"/>
</testsuite> <!-- com.p360.Main.testCases.TC_Main_Users -->
