<?xml version="1.0" encoding="UTF-8"?>
<!-- Generated by org.testng.reporters.JUnitReportReporter -->
<testsuite hostname="DESKTOP-7AKMRUB" failures="0" tests="3" name="com.p360.testCases.TC_Classes" time="39.735" errors="0" timestamp="2023-09-04T19:14:36 IST" skipped="0">
  <testcase classname="com.p360.testCases.TC_Classes" name="test_Login" time="12.600"/>
  <testcase classname="com.p360.testCases.TC_Classes" name="test_CancelRegisteredClass" time="16.559"/>
  <testcase classname="com.p360.testCases.TC_Classes" name="test_Logout" time="10.576"/>
</testsuite> <!-- com.p360.testCases.TC_Classes -->
