<?xml version="1.0" encoding="UTF-8"?>
<!-- Generated by org.testng.reporters.JUnitReportReporter -->
<testsuite hostname="DESKTOP-7AKMRUB" failures="0" tests="3" name="com.p360.Main.testCases.TC_Main_Coaches" time="46.844" errors="0" timestamp="2023-09-06T20:25:51 IST" skipped="0">
  <testcase classname="com.p360.Main.testCases.TC_Main_Coaches" name="test_Login" time="11.680"/>
  <testcase classname="com.p360.Main.testCases.TC_Main_Coaches" name="test_Main_InviteCoaches" time="22.700"/>
  <testcase classname="com.p360.Main.testCases.TC_Main_Coaches" name="test_Logout" time="12.464"/>
</testsuite> <!-- com.p360.Main.testCases.TC_Main_Coaches -->
