<?xml version="1.0" encoding="UTF-8"?>
<!-- Generated by org.testng.reporters.JUnitReportReporter -->
<testsuite hostname="DESKTOP-7AKMRUB" failures="0" tests="2" name="com.p360.Main.testCases.TC_Main_Movements" time="46.585" errors="0" timestamp="2023-10-03T17:40:01 IST" skipped="0">
  <testcase classname="com.p360.Main.testCases.TC_Main_Movements" name="test_Main_AssignMovementToDate" time="25.787"/>
  <testcase classname="com.p360.Main.testCases.TC_Main_Movements" name="test_Main_removedAssignedMovementFromDate" time="20.798"/>
</testsuite> <!-- com.p360.Main.testCases.TC_Main_Movements -->
