<?xml version="1.0" encoding="UTF-8"?>
<!-- Generated by org.testng.reporters.JUnitReportReporter -->
<testsuite hostname="DESKTOP-7AKMRUB" failures="0" tests="3" name="com.p360.Main.testCases.TC_Main_Home" time="72.985" errors="0" timestamp="2023-09-03T17:14:40 IST" skipped="0">
  <testcase classname="com.p360.Main.testCases.TC_Main_Home" name="test_Login" time="14.851"/>
  <testcase classname="com.p360.Main.testCases.TC_Main_Home" name="test_MainHomePageTabTesting" time="47.942"/>
  <testcase classname="com.p360.Main.testCases.TC_Main_Home" name="test_Logout" time="10.192"/>
</testsuite> <!-- com.p360.Main.testCases.TC_Main_Home -->
