<?xml version="1.0" encoding="UTF-8"?>
<!-- Generated by org.testng.reporters.JUnitReportReporter -->
<testsuite hostname="DESKTOP-7AKMRUB" failures="0" tests="3" name="com.p360.Main.testCases.TC_Main_Users" time="93.958" errors="0" timestamp="2023-09-04T12:33:53 IST" skipped="0">
  <testcase classname="com.p360.Main.testCases.TC_Main_Users" name="test_Login" time="12.711"/>
  <testcase classname="com.p360.Main.testCases.TC_Main_Users" name="test_Main_AddMember" time="68.841"/>
  <testcase classname="com.p360.Main.testCases.TC_Main_Users" name="test_Logout" time="12.406"/>
</testsuite> <!-- com.p360.Main.testCases.TC_Main_Users -->
