<?xml version="1.0" encoding="UTF-8"?>
<!-- Generated by org.testng.reporters.JUnitReportReporter -->
<testsuite hostname="DESKTOP-7AKMRUB" failures="0" tests="4" name="com.p360.Main.testCases.TC_Main_Packages" time="152.752" errors="0" timestamp="2023-09-30T22:39:30 IST" skipped="0">
  <testcase classname="com.p360.Main.testCases.TC_Main_Packages" name="test_Main_DeActivatePackage" time="39.068"/>
  <testcase classname="com.p360.Main.testCases.TC_Main_Packages" name="test_Main_ActivatePackage" time="38.143"/>
  <testcase classname="com.p360.Main.testCases.TC_Main_Packages" name="test_Main_ArchivePackage" time="37.881"/>
  <testcase classname="com.p360.Main.testCases.TC_Main_Packages" name="test_Main_RestorePackage" time="37.660"/>
</testsuite> <!-- com.p360.Main.testCases.TC_Main_Packages -->
