<?xml version="1.0" encoding="UTF-8"?>
<!-- Generated by org.testng.reporters.JUnitReportReporter -->
<testsuite hostname="DESKTOP-7AKMRUB" failures="0" tests="4" name="com.p360.Main.testCases.TC_Main_Packages" time="149.778" errors="0" timestamp="2023-09-21T18:38:30 IST" skipped="0">
  <testcase classname="com.p360.Main.testCases.TC_Main_Packages" name="test_Main_DeActivatePackageCategory" time="38.100"/>
  <testcase classname="com.p360.Main.testCases.TC_Main_Packages" name="test_Main_ActivatePackageCategory" time="37.428"/>
  <testcase classname="com.p360.Main.testCases.TC_Main_Packages" name="test_Main_ArchivePackageCategory" time="37.303"/>
  <testcase classname="com.p360.Main.testCases.TC_Main_Packages" name="test_Main_RestorePackageCategory" time="36.947"/>
</testsuite> <!-- com.p360.Main.testCases.TC_Main_Packages -->
