<?xml version="1.0" encoding="UTF-8"?>
<!-- Generated by org.testng.reporters.JUnitReportReporter -->
<testsuite hostname="DESKTOP-7AKMRUB" failures="0" tests="1" name="com.p360.Main.testCases.TC_Main_Workout" time="38.207" errors="0" timestamp="2023-10-03T15:37:05 IST" skipped="0">
  <testcase classname="com.p360.Main.testCases.TC_Main_Workout" name="test_Main_AddWorkout" time="38.207"/>
</testsuite> <!-- com.p360.Main.testCases.TC_Main_Workout -->
