<?xml version="1.0" encoding="UTF-8"?>
<!-- Generated by org.testng.reporters.JUnitReportReporter -->
<testsuite hostname="DESKTOP-7AKMRUB" failures="0" tests="4" name="com.p360.testCases.TC_HomePage" time="203.228" errors="0" timestamp="2023-09-01T09:31:27 IST" skipped="0">
  <testcase classname="com.p360.testCases.TC_HomePage" name="test_Login" time="14.042"/>
  <testcase classname="com.p360.testCases.TC_HomePage" name="test_HomePageElement" time="152.540"/>
  <testcase classname="com.p360.testCases.TC_HomePage" name="test_ChangeCardDetails" time="28.517"/>
  <testcase classname="com.p360.testCases.TC_HomePage" name="test_Logout" time="8.129"/>
</testsuite> <!-- com.p360.testCases.TC_HomePage -->
