<?xml version="1.0" encoding="UTF-8"?>
<!-- Generated by org.testng.reporters.JUnitReportReporter -->
<testsuite hostname="DESKTOP-7AKMRUB" failures="0" tests="1" name="com.p360.Main.testCases.TC_Main_Locations" time="37.426" errors="0" timestamp="2023-09-20T18:33:04 IST" skipped="0">
  <testcase classname="com.p360.Main.testCases.TC_Main_Locations" name="test_Main_UpdateRegion" time="37.426"/>
</testsuite> <!-- com.p360.Main.testCases.TC_Main_Locations -->
