<?xml version="1.0" encoding="UTF-8"?>
<!-- Generated by org.testng.reporters.JUnitReportReporter -->
<testsuite hostname="DESKTOP-7AKMRUB" failures="0" tests="1" name="com.p360.Main.testCases.TC_Main_Coaches" time="41.363" errors="0" timestamp="2023-10-02T23:58:42 IST" skipped="0">
  <testcase classname="com.p360.Main.testCases.TC_Main_Coaches" name="test_Main_UpdateCoach" time="41.363"/>
</testsuite> <!-- com.p360.Main.testCases.TC_Main_Coaches -->
