<?xml version="1.0" encoding="UTF-8"?>
<!-- Generated by org.testng.reporters.JUnitReportReporter -->
<testsuite hostname="DESKTOP-7AKMRUB" failures="0" tests="2" name="com.p360.testCases.TC_Classes" time="102.488" errors="0" timestamp="2023-09-13T15:36:53 IST" skipped="0">
  <testcase classname="com.p360.testCases.TC_Classes" name="test_Login" time="11.496"/>
  <testcase classname="com.p360.testCases.TC_Classes" name="test_CancelRegisteredClass" time="90.992"/>
</testsuite> <!-- com.p360.testCases.TC_Classes -->
