<?xml version="1.0" encoding="UTF-8"?>
<!-- Generated by org.testng.reporters.JUnitReportReporter -->
<testsuite hostname="DESKTOP-7AKMRUB" failures="0" tests="2" name="com.p360.testCases.TC_Login" time="15.896" errors="0" timestamp="2023-09-11T17:42:41 IST" skipped="0">
  <testcase classname="com.p360.testCases.TC_Login" name="setup" time="3.940"/>
  <testcase classname="com.p360.testCases.TC_Login" name="test_Login" time="11.956"/>
</testsuite> <!-- com.p360.testCases.TC_Login -->
