<?xml version="1.0" encoding="UTF-8"?>
<!-- Generated by org.testng.reporters.JUnitReportReporter -->
<testsuite hostname="DESKTOP-7AKMRUB" failures="0" tests="3" name="com.p360.Main.testCases.TC_Main_Classes" time="65.546" errors="0" timestamp="2023-09-06T19:55:24 IST" skipped="0">
  <testcase classname="com.p360.Main.testCases.TC_Main_Classes" name="test_Login" time="12.255"/>
  <testcase classname="com.p360.Main.testCases.TC_Main_Classes" name="test_Main_AddClass" time="41.314"/>
  <testcase classname="com.p360.Main.testCases.TC_Main_Classes" name="test_Logout" time="11.977"/>
</testsuite> <!-- com.p360.Main.testCases.TC_Main_Classes -->
