<?xml version="1.0" encoding="UTF-8"?>
<!-- Generated by org.testng.reporters.JUnitReportReporter -->
<testsuite hostname="DESKTOP-7AKMRUB" failures="0" tests="4" name="com.p360.testCases.TC_UserModule" time="76.929" errors="0" timestamp="2023-09-11T16:56:28 IST" skipped="0">
  <testcase classname="com.p360.testCases.TC_UserModule" name="test_Login" time="9.821"/>
  <testcase classname="com.p360.testCases.TC_UserModule" name="test_HomePageElement" time="42.325"/>
  <testcase classname="com.p360.testCases.TC_UserModule" name="test_ChangeCardDetails" time="24.773"/>
  <testcase classname="com.p360.testCases.TC_UserModule" name="test_CheckAgreedTerms" time="0.010"/>
</testsuite> <!-- com.p360.testCases.TC_UserModule -->
