<?xml version="1.0" encoding="UTF-8"?>
<!-- Generated by org.testng.reporters.JUnitReportReporter -->
<testsuite hostname="DESKTOP-7AKMRUB" failures="0" tests="3" name="com.p360.Main.testCases.TC_Main_Locations" time="79.707" errors="0" timestamp="2023-09-06T16:48:57 IST" skipped="0">
  <testcase classname="com.p360.Main.testCases.TC_Main_Locations" name="test_Login" time="14.467"/>
  <testcase classname="com.p360.Main.testCases.TC_Main_Locations" name="test_Main_AddLocation" time="53.265"/>
  <testcase classname="com.p360.Main.testCases.TC_Main_Locations" name="test_Logout" time="11.975"/>
</testsuite> <!-- com.p360.Main.testCases.TC_Main_Locations -->
