<?xml version="1.0" encoding="UTF-8"?>
<!-- Generated by org.testng.reporters.JUnitReportReporter -->
<testsuite hostname="DESKTOP-7AKMRUB" failures="0" tests="4" name="com.p360.testCases.TC_Home" time="95.250" errors="0" timestamp="2023-09-11T12:49:12 IST" skipped="0">
  <testcase classname="com.p360.testCases.TC_Home" name="test_Login" time="11.766"/>
  <testcase classname="com.p360.testCases.TC_Home" name="test_HomePageElement" time="38.383"/>
  <testcase classname="com.p360.testCases.TC_Home" name="test_ChangeCardDetails" time="35.781"/>
  <testcase classname="com.p360.testCases.TC_Home" name="test_Logout" time="9.320"/>
</testsuite> <!-- com.p360.testCases.TC_Home -->
