<?xml version="1.0" encoding="UTF-8"?>
<!-- Generated by org.testng.reporters.JUnitReportReporter -->
<testsuite hostname="DESKTOP-7AKMRUB" failures="0" tests="1" name="com.p360.testCases.TC_Home" time="30.418" errors="0" timestamp="2023-09-18T12:11:02 IST" skipped="0">
  <testcase classname="com.p360.testCases.TC_Home" name="test_ChangeCardDetails" time="30.418"/>
</testsuite> <!-- com.p360.testCases.TC_Home -->
