<?xml version="1.0" encoding="UTF-8"?>
<!-- Generated by org.testng.reporters.JUnitReportReporter -->
<testsuite hostname="DESKTOP-7AKMRUB" failures="0" tests="1" name="com.p360.Main.testCases.TC_Main_Home" time="47.324" errors="0" timestamp="2023-09-18T12:21:17 IST" skipped="0">
  <testcase classname="com.p360.Main.testCases.TC_Main_Home" name="test_Main_HomePageTabTesting" time="47.324"/>
</testsuite> <!-- com.p360.Main.testCases.TC_Main_Home -->
