<?xml version="1.0" encoding="UTF-8"?>
<!-- Generated by org.testng.reporters.JUnitReportReporter -->
<testsuite hostname="DESKTOP-7AKMRUB" failures="0" tests="1" name="com.p360.Main.testCases.TC_Main_Classes" time="63.092" errors="0" timestamp="2023-10-02T10:22:53 IST" skipped="0">
  <testcase classname="com.p360.Main.testCases.TC_Main_Classes" name="test_Main_OverrideClass" time="63.092"/>
</testsuite> <!-- com.p360.Main.testCases.TC_Main_Classes -->
