<?xml version="1.0" encoding="UTF-8"?>
<!-- Generated by org.testng.reporters.JUnitReportReporter -->
<testsuite hostname="DESKTOP-7AKMRUB" failures="0" tests="4" name="com.p360.Main.testCases.TC_Main_Packages" time="92.723" errors="0" timestamp="2023-09-06T11:09:05 IST" skipped="0">
  <testcase classname="com.p360.Main.testCases.TC_Main_Packages" name="test_Login" time="11.844"/>
  <testcase classname="com.p360.Main.testCases.TC_Main_Packages" name="test_Main_AddPackageCategory" time="31.613"/>
  <testcase classname="com.p360.Main.testCases.TC_Main_Packages" name="test_Main_AddPackage" time="36.791"/>
  <testcase classname="com.p360.Main.testCases.TC_Main_Packages" name="test_Logout" time="12.475"/>
</testsuite> <!-- com.p360.Main.testCases.TC_Main_Packages -->
