<?xml version="1.0" encoding="UTF-8"?>
<!-- Generated by org.testng.reporters.JUnitReportReporter -->
<testsuite hostname="DESKTOP-7AKMRUB" failures="0" tests="4" name="com.p360.testCases.TC_Home" time="100.165" errors="0" timestamp="2023-09-11T13:02:53 IST" skipped="0">
  <testcase classname="com.p360.testCases.TC_Home" name="test_Login" time="11.876"/>
  <testcase classname="com.p360.testCases.TC_Home" name="test_HomePageElement" time="42.331"/>
  <testcase classname="com.p360.testCases.TC_Home" name="test_ChangeCardDetails" time="35.757"/>
  <testcase classname="com.p360.testCases.TC_Home" name="test_Logout" time="10.201"/>
</testsuite> <!-- com.p360.testCases.TC_Home -->
